<?xml version="1.0" encoding="UTF-8"?>
<testsuite xmlns:xsi="http://www.w3.org/2001/XMLSchema-instance" xsi:noNamespaceSchemaLocation="https://maven.apache.org/surefire/maven-surefire-plugin/xsd/surefire-test-report.xsd" name="TestMain" time="0.049" tests="3" errors="0" skipped="0" failures="0">
  <properties>
    <property name="sun.desktop" value="windows"/>
    <property name="awt.toolkit" value="sun.awt.windows.WToolkit"/>
    <property name="file.encoding.pkg" value="sun.io"/>
    <property name="java.specification.version" value="1.8"/>
    <property name="sun.cpu.isalist" value="amd64"/>
    <property name="sun.jnu.encoding" value="Cp1251"/>
    <property name="java.class.path" value="C:\Users\Roma\Desktop\JavaProjects\farpost\target\test-classes;C:\Users\Roma\Desktop\JavaProjects\farpost\target\classes;C:\Users\Roma\.m2\repository\junit\junit\4.13.2\junit-4.13.2.jar;C:\Users\Roma\.m2\repository\org\hamcrest\hamcrest-core\1.3\hamcrest-core-1.3.jar;C:\Users\Roma\.m2\repository\org\junit\jupiter\junit-jupiter\5.8.0-M1\junit-jupiter-5.8.0-M1.jar;C:\Users\Roma\.m2\repository\org\junit\jupiter\junit-jupiter-api\5.8.0-M1\junit-jupiter-api-5.8.0-M1.jar;C:\Users\Roma\.m2\repository\org\apiguardian\apiguardian-api\1.1.1\apiguardian-api-1.1.1.jar;C:\Users\Roma\.m2\repository\org\opentest4j\opentest4j\1.2.0\opentest4j-1.2.0.jar;C:\Users\Roma\.m2\repository\org\junit\platform\junit-platform-commons\1.8.0-M1\junit-platform-commons-1.8.0-M1.jar;C:\Users\Roma\.m2\repository\org\junit\jupiter\junit-jupiter-params\5.8.0-M1\junit-jupiter-params-5.8.0-M1.jar;C:\Users\Roma\.m2\repository\org\junit\jupiter\junit-jupiter-engine\5.8.0-M1\junit-jupiter-engine-5.8.0-M1.jar;C:\Users\Roma\.m2\repository\org\junit\platform\junit-platform-engine\1.8.0-M1\junit-platform-engine-1.8.0-M1.jar;C:\Users\Roma\.m2\repository\org\jetbrains\kotlin\kotlin-stdlib-jdk8\1.4.20\kotlin-stdlib-jdk8-1.4.20.jar;C:\Users\Roma\.m2\repository\org\jetbrains\kotlin\kotlin-stdlib\1.4.20\kotlin-stdlib-1.4.20.jar;C:\Users\Roma\.m2\repository\org\jetbrains\kotlin\kotlin-stdlib-common\1.4.20\kotlin-stdlib-common-1.4.20.jar;C:\Users\Roma\.m2\repository\org\jetbrains\annotations\13.0\annotations-13.0.jar;C:\Users\Roma\.m2\repository\org\jetbrains\kotlin\kotlin-stdlib-jdk7\1.4.20\kotlin-stdlib-jdk7-1.4.20.jar;"/>
    <property name="java.vm.vendor" value="Oracle Corporation"/>
    <property name="sun.arch.data.model" value="64"/>
    <property name="user.variant" value=""/>
    <property name="java.vendor.url" value="http://java.oracle.com/"/>
    <property name="user.timezone" value="Asia/Vladivostok"/>
    <property name="java.vm.specification.version" value="1.8"/>
    <property name="os.name" value="Windows 10"/>
    <property name="user.country" value="RU"/>
    <property name="sun.java.launcher" value="SUN_STANDARD"/>
    <property name="sun.boot.library.path" value="C:\Program Files\Java\jdk1.8.0_281\jre\bin"/>
    <property name="sun.java.command" value="C:\Users\Roma\AppData\Local\Temp\surefire4318146880007012677\surefirebooter4020052810921815810.jar C:\Users\Roma\AppData\Local\Temp\surefire4318146880007012677 2021-02-24T22-33-22_666-jvmRun1 surefire4757623021733724446tmp surefire_01720773560528867616tmp"/>
    <property name="surefire.test.class.path" value="C:\Users\Roma\Desktop\JavaProjects\farpost\target\test-classes;C:\Users\Roma\Desktop\JavaProjects\farpost\target\classes;C:\Users\Roma\.m2\repository\junit\junit\4.13.2\junit-4.13.2.jar;C:\Users\Roma\.m2\repository\org\hamcrest\hamcrest-core\1.3\hamcrest-core-1.3.jar;C:\Users\Roma\.m2\repository\org\junit\jupiter\junit-jupiter\5.8.0-M1\junit-jupiter-5.8.0-M1.jar;C:\Users\Roma\.m2\repository\org\junit\jupiter\junit-jupiter-api\5.8.0-M1\junit-jupiter-api-5.8.0-M1.jar;C:\Users\Roma\.m2\repository\org\apiguardian\apiguardian-api\1.1.1\apiguardian-api-1.1.1.jar;C:\Users\Roma\.m2\repository\org\opentest4j\opentest4j\1.2.0\opentest4j-1.2.0.jar;C:\Users\Roma\.m2\repository\org\junit\platform\junit-platform-commons\1.8.0-M1\junit-platform-commons-1.8.0-M1.jar;C:\Users\Roma\.m2\repository\org\junit\jupiter\junit-jupiter-params\5.8.0-M1\junit-jupiter-params-5.8.0-M1.jar;C:\Users\Roma\.m2\repository\org\junit\jupiter\junit-jupiter-engine\5.8.0-M1\junit-jupiter-engine-5.8.0-M1.jar;C:\Users\Roma\.m2\repository\org\junit\platform\junit-platform-engine\1.8.0-M1\junit-platform-engine-1.8.0-M1.jar;C:\Users\Roma\.m2\repository\org\jetbrains\kotlin\kotlin-stdlib-jdk8\1.4.20\kotlin-stdlib-jdk8-1.4.20.jar;C:\Users\Roma\.m2\repository\org\jetbrains\kotlin\kotlin-stdlib\1.4.20\kotlin-stdlib-1.4.20.jar;C:\Users\Roma\.m2\repository\org\jetbrains\kotlin\kotlin-stdlib-common\1.4.20\kotlin-stdlib-common-1.4.20.jar;C:\Users\Roma\.m2\repository\org\jetbrains\annotations\13.0\annotations-13.0.jar;C:\Users\Roma\.m2\repository\org\jetbrains\kotlin\kotlin-stdlib-jdk7\1.4.20\kotlin-stdlib-jdk7-1.4.20.jar;"/>
    <property name="sun.cpu.endian" value="little"/>
    <property name="user.home" value="C:\Users\Roma"/>
    <property name="user.language" value="ru"/>
    <property name="java.specification.vendor" value="Oracle Corporation"/>
    <property name="java.home" value="C:\Program Files\Java\jdk1.8.0_281\jre"/>
    <property name="basedir" value="C:\Users\Roma\Desktop\JavaProjects\farpost"/>
    <property name="file.separator" value="\"/>
    <property name="line.separator" value="&#10;"/>
    <property name="java.vm.specification.vendor" value="Oracle Corporation"/>
    <property name="java.specification.name" value="Java Platform API Specification"/>
    <property name="java.awt.graphicsenv" value="sun.awt.Win32GraphicsEnvironment"/>
    <property name="surefire.real.class.path" value="C:\Users\Roma\AppData\Local\Temp\surefire4318146880007012677\surefirebooter4020052810921815810.jar"/>
    <property name="sun.boot.class.path" value="C:\Program Files\Java\jdk1.8.0_281\jre\lib\resources.jar;C:\Program Files\Java\jdk1.8.0_281\jre\lib\rt.jar;C:\Program Files\Java\jdk1.8.0_281\jre\lib\sunrsasign.jar;C:\Program Files\Java\jdk1.8.0_281\jre\lib\jsse.jar;C:\Program Files\Java\jdk1.8.0_281\jre\lib\jce.jar;C:\Program Files\Java\jdk1.8.0_281\jre\lib\charsets.jar;C:\Program Files\Java\jdk1.8.0_281\jre\lib\jfr.jar;C:\Program Files\Java\jdk1.8.0_281\jre\classes"/>
    <property name="user.script" value=""/>
    <property name="sun.management.compiler" value="HotSpot 64-Bit Tiered Compilers"/>
    <property name="java.runtime.version" value="1.8.0_281-b09"/>
    <property name="user.name" value="Roma"/>
    <property name="path.separator" value=";"/>
    <property name="os.version" value="10.0"/>
    <property name="java.endorsed.dirs" value="C:\Program Files\Java\jdk1.8.0_281\jre\lib\endorsed"/>
    <property name="java.runtime.name" value="Java(TM) SE Runtime Environment"/>
    <property name="file.encoding" value="Cp1251"/>
    <property name="java.vm.name" value="Java HotSpot(TM) 64-Bit Server VM"/>
    <property name="localRepository" value="C:\Users\Roma\.m2\repository"/>
    <property name="java.vendor.url.bug" value="http://bugreport.sun.com/bugreport/"/>
    <property name="java.io.tmpdir" value="C:\Users\Roma\AppData\Local\Temp\"/>
    <property name="idea.version" value="2020.3.2"/>
    <property name="java.version" value="1.8.0_281"/>
    <property name="user.dir" value="C:\Users\Roma\Desktop\JavaProjects\farpost"/>
    <property name="os.arch" value="amd64"/>
    <property name="java.vm.specification.name" value="Java Virtual Machine Specification"/>
    <property name="java.awt.printerjob" value="sun.awt.windows.WPrinterJob"/>
    <property name="sun.os.patch.level" value=""/>
    <property name="java.library.path" value="C:\Program Files\Java\jdk1.8.0_281\jre\bin;C:\WINDOWS\Sun\Java\bin;C:\WINDOWS\system32;C:\WINDOWS;C:\Users\Roma\AppData\Local\Programs\Python\Python39;C:\Users\Roma\AppData\Local\Programs\Python\Python39\Scripts;C:\Program Files\Java\jdk1.8.0_281\bin;;C:\apache-maven-3.6.3\bin;;."/>
    <property name="java.vm.info" value="mixed mode"/>
    <property name="java.vendor" value="Oracle Corporation"/>
    <property name="java.vm.version" value="25.281-b09"/>
    <property name="java.ext.dirs" value="C:\Program Files\Java\jdk1.8.0_281\jre\lib\ext;C:\WINDOWS\Sun\Java\lib\ext"/>
    <property name="sun.io.unicode.encoding" value="UnicodeLittle"/>
    <property name="java.class.version" value="52.0"/>
  </properties>
  <testcase name="testNormalInput" classname="TestMain" time="0.031"/>
  <testcase name="testAllBadResponse" classname="TestMain" time="0.002"/>
  <testcase name="testAllGoodResponse" classname="TestMain" time="0.001"/>
</testsuite>